--- АНАЛИЗ РЫНКА OI ---
Время: 2026-07-18 06:58:59 UTC
Медиана (30д): 102,622 | Арифм. Среднее (30д): 102,649
Текущий OI: 100,267 (Отклонение от медианы: -2.30%)
Сравнение (за последние 60 минут): Цена изменилась на +0.00%, OI изменился на +0.00%
Текущая фаза: [MARKET_SILENCE]
Сигнал отправлен в Main: ДА (Смена фазы с INIT на [MARKET_SILENCE])
------------------------
--- АНАЛИЗ РЫНКА OI ---
Время: 2026-07-18 07:14:00 UTC
Медиана (30д): 102,622 | Арифм. Среднее (30д): 102,649
Текущий OI: 100,294 (Отклонение от медианы: -2.27%)
Сравнение (за последние 60 минут): Цена изменилась на +0.04%, OI изменился на +0.03%
Текущая фаза: [MARKET_SILENCE]
Сигнал отправлен в Main: НЕТ
------------------------
--- АНАЛИЗ РЫНКА OI ---
Время: 2026-07-18 07:29:01 UTC
Медиана (30д): 102,622 | Арифм. Среднее (30д): 102,649
Текущий OI: 100,310 (Отклонение от медианы: -2.25%)
Сравнение (за последние 60 минут): Цена изменилась на +0.01%, OI изменился на +0.02%
Текущая фаза: [MARKET_SILENCE]
Сигнал отправлен в Main: НЕТ
------------------------
--- АНАЛИЗ РЫНКА OI ---
Время: 2026-07-18 07:44:03 UTC
Медиана (30д): 102,622 | Арифм. Среднее (30д): 102,649
Текущий OI: 100,316 (Отклонение от медианы: -2.25%)
Сравнение (за последние 60 минут): Цена изменилась на -0.00%, OI изменился на +0.01%
Текущая фаза: [MARKET_SILENCE]
Сигнал отправлен в Main: НЕТ
------------------------
--- АНАЛИЗ РЫНКА OI ---
Время: 2026-07-18 07:59:04 UTC
Медиана (30д): 102,622 | Арифм. Среднее (30д): 102,649
Текущий OI: 100,385 (Отклонение от медианы: -2.18%)
Сравнение (за последние 60 минут): Цена изменилась на +0.01%, OI изменился на +0.07%
Текущая фаза: [MARKET_SILENCE]
Сигнал отправлен в Main: НЕТ
------------------------
--- АНАЛИЗ РЫНКА OI ---
Время: 2026-07-18 08:14:06 UTC
Медиана (30д): 102,622 | Арифм. Среднее (30д): 102,649
Текущий OI: 100,442 (Отклонение от медианы: -2.12%)
Сравнение (за последние 60 минут): Цена изменилась на -0.07%, OI изменился на +0.06%
Текущая фаза: [MARKET_SILENCE]
Сигнал отправлен в Main: НЕТ
------------------------
--- АНАЛИЗ РЫНКА OI ---
Время: 2026-07-18 08:29:08 UTC
Медиана (30д): 102,622 | Арифм. Среднее (30д): 102,650
Текущий OI: 100,484 (Отклонение от медианы: -2.08%)
Сравнение (за последние 60 минут): Цена изменилась на +0.05%, OI изменился на +0.04%
Текущая фаза: [MARKET_SILENCE]
Сигнал отправлен в Main: НЕТ
------------------------
--- АНАЛИЗ РЫНКА OI ---
Время: 2026-07-18 08:44:09 UTC
Медиана (30д): 102,622 | Арифм. Среднее (30д): 102,650
Текущий OI: 100,541 (Отклонение от медианы: -2.03%)
Сравнение (за последние 60 минут): Цена изменилась на -0.03%, OI изменился на +0.06%
Текущая фаза: [MARKET_SILENCE]
Сигнал отправлен в Main: НЕТ
------------------------
--- АНАЛИЗ РЫНКА OI ---
Время: 2026-07-18 08:59:10 UTC
Медиана (30д): 102,622 | Арифм. Среднее (30д): 102,650
Текущий OI: 100,563 (Отклонение от медианы: -2.01%)
Сравнение (за последние 60 минут): Цена изменилась на +0.01%, OI изменился на +0.02%
Текущая фаза: [MARKET_SILENCE]
Сигнал отправлен в Main: НЕТ
------------------------
--- АНАЛИЗ РЫНКА OI ---
Время: 2026-07-18 10:06:23 UTC
Медиана (30д): 102,622 | Арифм. Среднее (30д): 102,650
Текущий OI: 100,571 (Отклонение от медианы: -2.00%)
Сравнение (за последние 60 минут): Цена изменилась на +0.01%, OI изменился на +0.01%
Текущая фаза: [MARKET_SILENCE]
Сигнал отправлен в Main: НЕТ
------------------------
--- АНАЛИЗ РЫНКА OI ---
Время: 2026-07-18 10:21:24 UTC
Медиана (30д): 102,622 | Арифм. Среднее (30д): 102,651
Текущий OI: 100,545 (Отклонение от медианы: -2.02%)
Сравнение (за последние 60 минут): Цена изменилась на +0.00%, OI изменился на -0.03%
Текущая фаза: [MARKET_SILENCE]
Сигнал отправлен в Main: НЕТ
------------------------
--- АНАЛИЗ РЫНКА OI ---
Время: 2026-07-18 10:36:26 UTC
Медиана (30д): 102,622 | Арифм. Среднее (30д): 102,651
Текущий OI: 100,527 (Отклонение от медианы: -2.04%)
Сравнение (за последние 60 минут): Цена изменилась на +0.03%, OI изменился на -0.02%
Текущая фаза: [MARKET_SILENCE]
Сигнал отправлен в Main: НЕТ
------------------------
--- АНАЛИЗ РЫНКА OI ---
Время: 2026-07-18 10:51:27 UTC
Медиана (30д): 102,622 | Арифм. Среднее (30д): 102,651
Текущий OI: 100,539 (Отклонение от медианы: -2.03%)
Сравнение (за последние 60 минут): Цена изменилась на -0.00%, OI изменился на +0.01%
Текущая фаза: [MARKET_SILENCE]
Сигнал отправлен в Main: НЕТ
------------------------
--- АНАЛИЗ РЫНКА OI ---
Время: 2026-07-18 11:06:29 UTC
Медиана (30д): 102,622 | Арифм. Среднее (30д): 102,651
Текущий OI: 100,555 (Отклонение от медианы: -2.01%)
Сравнение (за последние 60 минут): Цена изменилась на +0.01%, OI изменился на +0.02%
Текущая фаза: [MARKET_SILENCE]
Сигнал отправлен в Main: НЕТ
------------------------
--- АНАЛИЗ РЫНКА OI ---
Время: 2026-07-18 12:00:21 UTC
Медиана (30д): 102,622 | Арифм. Среднее (30д): 102,651
Текущий OI: 100,648 (Отклонение от медианы: -1.92%)
Сравнение (за последние 60 минут): Цена изменилась на +0.08%, OI изменился на +0.09%
Текущая фаза: [MARKET_SILENCE]
Сигнал отправлен в Main: НЕТ
------------------------
--- АНАЛИЗ РЫНКА OI ---
Время: 2026-07-18 12:15:22 UTC
Медиана (30д): 102,622 | Арифм. Среднее (30д): 102,651
Текущий OI: 100,723 (Отклонение от медианы: -1.85%)
Сравнение (за последние 60 минут): Цена изменилась на +0.11%, OI изменился на +0.07%
Текущая фаза: [MARKET_SILENCE]
Сигнал отправлен в Main: НЕТ
------------------------
--- АНАЛИЗ РЫНКА OI ---
Время: 2026-07-18 12:30:23 UTC
Медиана (30д): 102,622 | Арифм. Среднее (30д): 102,651
Текущий OI: 100,757 (Отклонение от медианы: -1.82%)
Сравнение (за последние 60 минут): Цена изменилась на -0.03%, OI изменился на +0.03%
Текущая фаза: [MARKET_SILENCE]
Сигнал отправлен в Main: НЕТ
------------------------
--- АНАЛИЗ РЫНКА OI ---
Время: 2026-07-18 12:45:25 UTC
Медиана (30д): 102,622 | Арифм. Среднее (30д): 102,651
Текущий OI: 100,840 (Отклонение от медианы: -1.74%)
Сравнение (за последние 60 минут): Цена изменилась на +0.10%, OI изменился на +0.08%
Текущая фаза: [MARKET_SILENCE]
Сигнал отправлен в Main: НЕТ
------------------------
--- АНАЛИЗ РЫНКА OI ---
Время: 2026-07-18 13:40:05 UTC
Медиана (30д): 102,622 | Арифм. Среднее (30д): 102,652
Текущий OI: 100,534 (Отклонение от медианы: -2.04%)
Сравнение (за последние 60 минут): Цена изменилась на -0.20%, OI изменился на -0.30%
Текущая фаза: [DIVERGENT_CHOP]
Сигнал отправлен в Main: ДА (Смена фазы с [MARKET_SILENCE] на [DIVERGENT_CHOP])
------------------------
--- АНАЛИЗ РЫНКА OI ---
Время: 2026-07-18 13:55:06 UTC
Медиана (30д): 102,622 | Арифм. Среднее (30д): 102,652
Текущий OI: 100,581 (Отклонение от медианы: -1.99%)
Сравнение (за последние 60 минут): Цена изменилась на +0.02%, OI изменился на +0.05%
Текущая фаза: [MARKET_SILENCE]
Сигнал отправлен в Main: ДА (Смена фазы с [DIVERGENT_CHOP] на [MARKET_SILENCE])
------------------------
--- АНАЛИЗ РЫНКА OI ---
Время: 2026-07-18 14:10:08 UTC
Медиана (30д): 102,622 | Арифм. Среднее (30д): 102,652
Текущий OI: 100,578 (Отклонение от медианы: -1.99%)
Сравнение (за последние 60 минут): Цена изменилась на +0.10%, OI изменился на -0.00%
Текущая фаза: [MARKET_SILENCE]
Сигнал отправлен в Main: НЕТ
------------------------
--- АНАЛИЗ РЫНКА OI ---
Время: 2026-07-18 14:25:09 UTC
Медиана (30д): 102,622 | Арифм. Среднее (30д): 102,652
Текущий OI: 100,667 (Отклонение от медианы: -1.91%)
Сравнение (за последние 60 минут): Цена изменилась на +0.01%, OI изменился на +0.09%
Текущая фаза: [MARKET_SILENCE]
Сигнал отправлен в Main: НЕТ
------------------------
--- АНАЛИЗ РЫНКА OI ---
Время: 2026-07-18 14:40:11 UTC
Медиана (30д): 102,622 | Арифм. Среднее (30д): 102,652
Текущий OI: 100,729 (Отклонение от медианы: -1.85%)
Сравнение (за последние 60 минут): Цена изменилась на +0.04%, OI изменился на +0.06%
Текущая фаза: [MARKET_SILENCE]
Сигнал отправлен в Main: НЕТ
------------------------
--- АНАЛИЗ РЫНКА OI ---
Время: 2026-07-18 14:55:12 UTC
Медиана (30д): 102,622 | Арифм. Среднее (30д): 102,652
Текущий OI: 100,711 (Отклонение от медианы: -1.86%)
Сравнение (за последние 60 минут): Цена изменилась на -0.03%, OI изменился на -0.02%
Текущая фаза: [MARKET_SILENCE]
Сигнал отправлен в Main: НЕТ
------------------------
