--- АНАЛИЗ РЫНКА OI (GMT+5) ---
Время: 2026-07-19 11:39:12
Медиана (30д): 102,664 | Арифм. Среднее (30д): 102,713
Текущий OI: 102,338.626 (Отклонение: -0.32% | Z-Score: -0.11)
Текущая Цена: 64,706.10
Сравнение (за последние 60 минут):
  - Цена: 64,706.10 -> 64,706.10 (+0.00%)
  - OI:   102,314.672 -> 102,338.626 (+0.02%)
Текущая фаза: [MARKET_SILENCE]
Сигнал отправлен в Main: ДА (Смена фазы с [INIT] на [MARKET_SILENCE])
------------------------
--- АНАЛИЗ РЫНКА OI (GMT+5) ---
Время: 2026-07-19 11:54:13
Медиана (30д): 102,664 | Арифм. Среднее (30д): 102,713
Текущий OI: 102,338.109 (Отклонение: -0.32% | Z-Score: -0.11)
Текущая Цена: 64,693.60
Сравнение (за последние 60 минут):
  - Цена: 64,693.60 -> 64,693.60 (+0.00%)
  - OI:   102,314.672 -> 102,338.109 (+0.02%)
Текущая фаза: [MARKET_SILENCE]
Сигнал отправлен в Main: НЕТ
------------------------
--- АНАЛИЗ РЫНКА OI (GMT+5) ---
Время: 2026-07-19 12:09:15
Медиана (30д): 102,664 | Арифм. Среднее (30д): 102,713
Текущий OI: 102,344.17 (Отклонение: -0.31% | Z-Score: -0.11)
Текущая Цена: 64,672.60
Сравнение (за последние 60 минут):
  - Цена: 64,672.60 -> 64,672.60 (+0.00%)
  - OI:   102,314.672 -> 102,344.17 (+0.03%)
Текущая фаза: [MARKET_SILENCE]
Сигнал отправлен в Main: НЕТ
------------------------
--- АНАЛИЗ РЫНКА OI (GMT+5) ---
Время: 2026-07-19 12:24:16
Медиана (30д): 102,664 | Арифм. Среднее (30д): 102,718
Текущий OI: 102,348.7 (Отклонение: -0.31% | Z-Score: -0.11)
Текущая Цена: 64,680.20
Сравнение (за последние 60 минут):
  - Цена: 64,680.20 -> 64,680.20 (+0.00%)
  - OI:   102,233.852 -> 102,348.7 (+0.11%)
Текущая фаза: [MARKET_SILENCE]
Сигнал отправлен в Main: НЕТ
------------------------
--- АНАЛИЗ РЫНКА OI (GMT+5) ---
Время: 2026-07-19 12:39:17
Медиана (30д): 102,664 | Арифм. Среднее (30д): 102,718
Текущий OI: 102,404.901 (Отклонение: -0.25% | Z-Score: -0.09)
Текущая Цена: 64,710.00
Сравнение (за последние 60 минут):
  - Цена: 64,706.10 -> 64,710.00 (+0.01%)
  - OI:   102,338.626 -> 102,404.901 (+0.06%)
Текущая фаза: [MARKET_SILENCE]
Сигнал отправлен в Main: НЕТ
------------------------
--- АНАЛИЗ РЫНКА OI (GMT+5) ---
Время: 2026-07-19 12:54:19
Медиана (30д): 102,664 | Арифм. Среднее (30д): 102,718
Текущий OI: 102,442.371 (Отклонение: -0.22% | Z-Score: -0.08)
Текущая Цена: 64,704.00
Сравнение (за последние 60 минут):
  - Цена: 64,693.60 -> 64,704.00 (+0.02%)
  - OI:   102,338.109 -> 102,442.371 (+0.10%)
Текущая фаза: [MARKET_SILENCE]
Сигнал отправлен в Main: НЕТ
------------------------
--- АНАЛИЗ РЫНКА OI (GMT+5) ---
Время: 2026-07-19 13:09:20
Медиана (30д): 102,664 | Арифм. Среднее (30д): 102,719
Текущий OI: 102,461.137 (Отклонение: -0.20% | Z-Score: -0.07)
Текущая Цена: 64,657.90
Сравнение (за последние 60 минут):
  - Цена: 64,672.60 -> 64,657.90 (-0.02%)
  - OI:   102,344.17 -> 102,461.137 (+0.11%)
Текущая фаза: [MARKET_SILENCE]
Сигнал отправлен в Main: НЕТ
------------------------
--- АНАЛИЗ РЫНКА OI (GMT+5) ---
Время: 2026-07-19 13:24:22
Медиана (30д): 102,664 | Арифм. Среднее (30д): 102,724
Текущий OI: 102,390.3 (Отклонение: -0.27% | Z-Score: -0.09)
Текущая Цена: 64,607.90
Сравнение (за последние 60 минут):
  - Цена: 64,680.20 -> 64,607.90 (-0.11%)
  - OI:   102,348.7 -> 102,390.3 (+0.04%)
Текущая фаза: [MARKET_SILENCE]
Сигнал отправлен в Main: НЕТ
------------------------
--- АНАЛИЗ РЫНКА OI (GMT+5) ---
Время: 2026-07-19 13:39:23
Медиана (30д): 102,664 | Арифм. Среднее (30д): 102,724
Текущий OI: 102,417.251 (Отклонение: -0.24% | Z-Score: -0.08)
Текущая Цена: 64,619.00
Сравнение (за последние 60 минут):
  - Цена: 64,710.00 -> 64,619.00 (-0.14%)
  - OI:   102,404.901 -> 102,417.251 (+0.01%)
Текущая фаза: [MARKET_SILENCE]
Сигнал отправлен в Main: НЕТ
------------------------
--- АНАЛИЗ РЫНКА OI (GMT+5) ---
Время: 2026-07-19 13:54:25
Медиана (30д): 102,664 | Арифм. Среднее (30д): 102,724
Текущий OI: 102,442.626 (Отклонение: -0.22% | Z-Score: -0.08)
Текущая Цена: 64,669.50
Сравнение (за последние 60 минут):
  - Цена: 64,704.00 -> 64,669.50 (-0.05%)
  - OI:   102,442.371 -> 102,442.626 (+0.00%)
Текущая фаза: [MARKET_SILENCE]
Сигнал отправлен в Main: НЕТ
------------------------
--- АНАЛИЗ РЫНКА OI (GMT+5) ---
Время: 2026-07-19 14:09:26
Медиана (30д): 102,664 | Арифм. Среднее (30д): 102,724
Текущий OI: 102,431.54 (Отклонение: -0.23% | Z-Score: -0.08)
Текущая Цена: 64,654.90
Сравнение (за последние 60 минут):
  - Цена: 64,657.90 -> 64,654.90 (-0.00%)
  - OI:   102,461.137 -> 102,431.54 (-0.03%)
Текущая фаза: [MARKET_SILENCE]
Сигнал отправлен в Main: НЕТ
------------------------
--- АНАЛИЗ РЫНКА OI (GMT+5) ---
Время: 2026-07-19 14:24:28
Медиана (30д): 102,664 | Арифм. Среднее (30д): 102,729
Текущий OI: 102,236.277 (Отклонение: -0.42% | Z-Score: -0.15)
Текущая Цена: 64,544.00
Сравнение (за последние 60 минут):
  - Цена: 64,607.90 -> 64,544.00 (-0.10%)
  - OI:   102,390.3 -> 102,236.277 (-0.15%)
Текущая фаза: [MARKET_SILENCE]
Сигнал отправлен в Main: НЕТ
------------------------
--- АНАЛИЗ РЫНКА OI (GMT+5) ---
Время: 2026-07-19 14:39:29
Медиана (30д): 102,664 | Арифм. Среднее (30д): 102,729
Текущий OI: 102,286.691 (Отклонение: -0.37% | Z-Score: -0.13)
Текущая Цена: 64,489.90
Сравнение (за последние 60 минут):
  - Цена: 64,619.00 -> 64,489.90 (-0.20%)
  - OI:   102,417.251 -> 102,286.691 (-0.13%)
Текущая фаза: [MARKET_SILENCE]
Сигнал отправлен в Main: НЕТ
------------------------
--- АНАЛИЗ РЫНКА OI (GMT+5) ---
Время: 2026-07-19 14:54:30
Медиана (30д): 102,664 | Арифм. Среднее (30д): 102,729
Текущий OI: 102,376.553 (Отклонение: -0.28% | Z-Score: -0.1)
Текущая Цена: 64,488.70
Сравнение (за последние 60 минут):
  - Цена: 64,669.50 -> 64,488.70 (-0.28%)
  - OI:   102,442.626 -> 102,376.553 (-0.06%)
Текущая фаза: [MARKET_SILENCE]
Сигнал отправлен в Main: НЕТ
------------------------
--- АНАЛИЗ РЫНКА OI (GMT+5) ---
Время: 2026-07-19 17:05:59
Медиана (30д): 102,664 | Арифм. Среднее (30д): 102,729
Текущий OI: 102,647.951 (Отклонение: -0.02% | Z-Score: -0.01)
Текущая Цена: 64,387.90
Сравнение (за последние 60 минут):
  - Цена: 64,654.90 -> 64,387.90 (-0.41%)
  - OI:   102,431.54 -> 102,647.951 (+0.21%)
Текущая фаза: [DIVERGENT_CHOP]
Сигнал отправлен в Main: ДА (Смена фазы с [MARKET_SILENCE] на [DIVERGENT_CHOP])
------------------------
--- АНАЛИЗ РЫНКА OI (GMT+5) ---
Время: 2026-07-19 17:21:01
Медиана (30д): 102,664 | Арифм. Среднее (30д): 102,734
Текущий OI: 102,694.082 (Отклонение: +0.03% | Z-Score: 0.01)
Текущая Цена: 64,363.70
Сравнение (за последние 60 минут):
  - Цена: 64,544.00 -> 64,363.70 (-0.28%)
  - OI:   102,236.277 -> 102,694.082 (+0.45%)
Текущая фаза: [DIVERGENT_CHOP]
Сигнал отправлен в Main: НЕТ
------------------------
--- АНАЛИЗ РЫНКА OI (GMT+5) ---
Время: 2026-07-19 17:36:02
Медиана (30д): 102,683 | Арифм. Среднее (30д): 102,734
Текущий OI: 102,910.889 (Отклонение: +0.22% | Z-Score: 0.08)
Текущая Цена: 64,355.20
Сравнение (за последние 60 минут):
  - Цена: 64,489.90 -> 64,355.20 (-0.21%)
  - OI:   102,286.691 -> 102,910.889 (+0.61%)
Текущая фаза: [DIVERGENT_CHOP]
Сигнал отправлен в Main: НЕТ
------------------------
--- АНАЛИЗ РЫНКА OI (GMT+5) ---
Время: 2026-07-19 17:51:03
Медиана (30д): 102,683 | Арифм. Среднее (30д): 102,734
Текущий OI: 102,967.703 (Отклонение: +0.28% | Z-Score: 0.1)
Текущая Цена: 64,367.00
Сравнение (за последние 60 минут):
  - Цена: 64,488.70 -> 64,367.00 (-0.19%)
  - OI:   102,376.553 -> 102,967.703 (+0.58%)
Текущая фаза: [DIVERGENT_CHOP]
Сигнал отправлен в Main: НЕТ
------------------------
--- АНАЛИЗ РЫНКА OI (GMT+5) ---
Время: 2026-07-19 18:06:05
Медиана (30д): 102,683 | Арифм. Среднее (30д): 102,734
Текущий OI: 103,028.459 (Отклонение: +0.34% | Z-Score: 0.12)
Текущая Цена: 64,366.00
Сравнение (за последние 60 минут):
  - Цена: 64,387.90 -> 64,366.00 (-0.03%)
  - OI:   102,647.951 -> 103,028.459 (+0.37%)
Текущая фаза: [DIVERGENT_CHOP]
Сигнал отправлен в Main: НЕТ
------------------------
--- АНАЛИЗ РЫНКА OI (GMT+5) ---
Время: 2026-07-19 18:21:06
Медиана (30д): 102,709 | Арифм. Среднее (30д): 102,740
Текущий OI: 103,016.172 (Отклонение: +0.30% | Z-Score: 0.11)
Текущая Цена: 64,308.90
Сравнение (за последние 60 минут):
  - Цена: 64,363.70 -> 64,308.90 (-0.09%)
  - OI:   102,694.082 -> 103,016.172 (+0.31%)
Текущая фаза: [DIVERGENT_CHOP]
Сигнал отправлен в Main: НЕТ
------------------------
--- АНАЛИЗ РЫНКА OI (GMT+5) ---
Время: 2026-07-19 18:36:07
Медиана (30д): 102,709 | Арифм. Среднее (30д): 102,740
Текущий OI: 102,983.122 (Отклонение: +0.27% | Z-Score: 0.09)
Текущая Цена: 64,413.20
Сравнение (за последние 60 минут):
  - Цена: 64,355.20 -> 64,413.20 (+0.09%)
  - OI:   102,910.889 -> 102,983.122 (+0.07%)
Текущая фаза: [DIVERGENT_CHOP]
Сигнал отправлен в Main: НЕТ
------------------------
